Log file open, 03/27/20 13:29:01
LogWindows: Failed to load 'aqProf.dll' (GetLastError=126)
LogWindows: File 'aqProf.dll' does not exist
LogWindows: Failed to load 'VtuneApi.dll' (GetLastError=126)
LogWindows: File 'VtuneApi.dll' does not exist
LogWindows: Failed to load 'VtuneApi32e.dll' (GetLastError=126)
LogWindows: File 'VtuneApi32e.dll' does not exist
LogConsoleResponse: Display: Failed to find resolution value strings in scalability ini. Falling back to default.
LogInit: Display: Running engine for game: Gaming2Mario2019
LogPlatformFile: Not using cached read wrapper
LogTaskGraph: Started task graph with 5 named threads and 14 total threads with 3 sets of task threads.
LogStats: Stats thread started at 14.433980
LogD3D11RHI: Loaded GFSDK_Aftermath_Lib.x64.dll
LogICUInternationalization: ICU TimeZone Detection - Raw Offset: -5:00, Platform Override: ''
LogPluginManager: Mounting plugin Paper2D
LogPluginManager: Mounting plugin AISupport
LogPluginManager: Mounting plugin LightPropagationVolume
LogPluginManager: Mounting plugin ActorLayerUtilities
LogPluginManager: Mounting plugin AnimationSharing
LogPluginManager: Mounting plugin CLionSourceCodeAccess
LogPluginManager: Mounting plugin CodeLiteSourceCodeAccess
LogPluginManager: Mounting plugin GitSourceControl
LogPluginManager: Mounting plugin KDevelopSourceCodeAccess
LogPluginManager: Mounting plugin NullSourceCodeAccess
LogPluginManager: Mounting plugin PerforceSourceControl
LogPluginManager: Mounting plugin PlasticSourceControl
LogPluginManager: Mounting plugin SubversionSourceControl
LogPluginManager: Mounting plugin UObjectPlugin
LogPluginManager: Mounting plugin VisualStudioCodeSourceCodeAccess
LogPluginManager: Mounting plugin VisualStudioSourceCodeAccess
LogPluginManager: Mounting plugin XCodeSourceCodeAccess
LogPluginManager: Mounting plugin AssetManagerEditor
LogPluginManager: Mounting plugin CryptoKeys
LogPluginManager: Mounting plugin CurveEditorTools
LogPluginManager: Mounting plugin DataValidation
LogPluginManager: Mounting plugin FacialAnimation
LogPluginManager: Mounting plugin GameplayTagsEditor
LogPluginManager: Mounting plugin MacGraphicsSwitching
LogPluginManager: Mounting plugin MaterialAnalyzer
LogPluginManager: Mounting plugin MobileLauncherProfileWizard
LogPluginManager: Mounting plugin PluginBrowser
LogPluginManager: Mounting plugin SpeedTreeImporter
LogPluginManager: Mounting plugin DatasmithContent
LogPluginManager: Mounting plugin VariantManagerContent
LogPluginManager: Mounting plugin AlembicImporter
LogPluginManager: Mounting plugin AutomationUtils
LogPluginManager: Mounting plugin BackChannel
LogPluginManager: Mounting plugin CharacterAI
LogPluginManager: Mounting plugin GeometryCache
LogPluginManager: Mounting plugin PlatformCrypto
LogPluginManager: Mounting plugin ProxyLODPlugin
LogPluginManager: Mounting plugin SkeletalReduction
LogPluginManager: Mounting plugin MagicLeap
LogPluginManager: Mounting plugin MagicLeapMedia
LogPluginManager: Mounting plugin MLSDK
LogPluginManager: Mounting plugin AndroidMedia
LogPluginManager: Mounting plugin AvfMedia
LogPluginManager: Mounting plugin ImgMedia
LogPluginManager: Mounting plugin MediaCompositing
LogPluginManager: Mounting plugin MediaPlayerEditor
LogPluginManager: Mounting plugin WebMMedia
LogPluginManager: Mounting plugin WmfMedia
LogPluginManager: Mounting plugin TcpMessaging
LogPluginManager: Mounting plugin UdpMessaging
LogPluginManager: Mounting plugin ActorSequence
LogPluginManager: Mounting plugin LevelSequenceEditor
LogPluginManager: Mounting plugin MatineeToLevelSequence
LogPluginManager: Mounting plugin NetcodeUnitTest
LogPluginManager: Mounting plugin NUTUnrealEngine4
LogPluginManager: Mounting plugin OnlineSubsystemGooglePlay
LogPluginManager: Mounting plugin OnlineSubsystemIOS
LogPluginManager: Mounting plugin OnlineSubsystem
LogPluginManager: Mounting plugin OnlineSubsystemNull
LogPluginManager: Mounting plugin OnlineSubsystemUtils
LogPluginManager: Mounting plugin LauncherChunkInstaller
LogPluginManager: Mounting plugin AndroidDeviceProfileSelector
LogPluginManager: Mounting plugin AndroidMoviePlayer
LogPluginManager: Mounting plugin AndroidPermission
LogPluginManager: Mounting plugin AppleImageUtils
LogPluginManager: Mounting plugin AppleMoviePlayer
LogPluginManager: Mounting plugin ArchVisCharacter
LogPluginManager: Mounting plugin AssetTags
LogPluginManager: Mounting plugin AudioCapture
LogPluginManager: Mounting plugin CableComponent
LogPluginManager: Mounting plugin CustomMeshComponent
LogPluginManager: Mounting plugin EditableMesh
LogPluginManager: Mounting plugin ExampleDeviceProfileSelector
LogPluginManager: Mounting plugin GoogleCloudMessaging
LogPluginManager: Mounting plugin IOSDeviceProfileSelector
LogPluginManager: Mounting plugin LinuxDeviceProfileSelector
LogPluginManager: Mounting plugin LocationServicesBPLibrary
LogPluginManager: Mounting plugin MobilePatchingUtils
LogPluginManager: Mounting plugin OculusVR
LogPluginManager: Mounting plugin PhysXVehicles
LogPluginManager: Mounting plugin PostSplashScreen
LogPluginManager: Mounting plugin ProceduralMeshComponent
LogPluginManager: Mounting plugin RuntimePhysXCooking
LogPluginManager: Mounting plugin SignificanceManager
LogPluginManager: Mounting plugin SteamVR
LogPluginManager: Mounting plugin WebMMoviePlayer
LogPluginManager: Mounting plugin WindowsMoviePlayer
LogPluginManager: Mounting plugin ScreenshotTools
LogInit: Using libcurl 7.55.1-DEV
LogInit:  - built for x86_64-pc-win32
LogInit:  - supports SSL with OpenSSL/1.1.1
LogInit:  - supports HTTP deflate (compression) using libz 1.2.8
LogInit:  - other features:
LogInit:      CURL_VERSION_SSL
LogInit:      CURL_VERSION_LIBZ
LogInit:      CURL_VERSION_IPV6
LogInit:      CURL_VERSION_ASYNCHDNS
LogInit:      CURL_VERSION_LARGEFILE
LogInit:      CURL_VERSION_IDN
LogInit:  CurlRequestOptions (configurable via config and command line):
LogInit:  - bVerifyPeer = true  - Libcurl will verify peer certificate
LogInit:  - bUseHttpProxy = false  - Libcurl will NOT use HTTP proxy
LogInit:  - bDontReuseConnections = false  - Libcurl will reuse connections
LogInit:  - MaxHostConnections = 16  - Libcurl will limit the number of connections to a host
LogInit:  - LocalHostAddr = Default
LogInit:  - BufferSize = 65536
LogOnline: OSS: Creating online subsystem instance for: NULL
LogInit: WinSock: version 1.1 (2.2), MaxSocks=32767, MaxUdp=65467
LogOnline: OSS: TryLoadSubsystemAndSetDefault: Loaded subsystem for module [NULL]
LogInit: Build: ++UE4+Release-4.24-CL-11590370
LogInit: Engine Version: 4.24.3-11590370+++UE4+Release-4.24
LogInit: Compatible Engine Version: 4.24.0-10570792+++UE4+Release-4.24
LogInit: Net CL: 10570792
LogInit: OS: Windows 10 (Release 1903) (), CPU: AMD A12-9720P RADEON R7, 12 COMPUTE CORES 4C+8G, GPU: AMD Radeon R7 Graphics
LogInit: Compiled (64-bit): Feb 24 2020 15:39:18
LogInit: Compiled with Visual C++: 19.16.27032.01
LogInit: Build Configuration: Development
LogInit: Branch Name: ++UE4+Release-4.24
LogInit: Command Line: 
LogInit: Base Directory: C:/Program Files/Epic Games/UE_4.24/Engine/Binaries/Win64/
LogInit: Installed Engine Build: 1
LogDevObjectVersion: Number of dev versions registered: 25
LogDevObjectVersion:   Dev-Blueprints (B0D832E4-1F89-4F0D-ACCF-7EB736FD4AA2): 10
LogDevObjectVersion:   Dev-Build (E1C64328-A22C-4D53-A36C-8E866417BD8C): 0
LogDevObjectVersion:   Dev-Core (375EC13C-06E4-48FB-B500-84F0262A717E): 3
LogDevObjectVersion:   Dev-Editor (E4B068ED-F494-42E9-A231-DA0B2E46BB41): 37
LogDevObjectVersion:   Dev-Framework (CFFC743F-43B0-4480-9391-14DF171D2073): 36
LogDevObjectVersion:   Dev-Mobile (B02B49B5-BB20-44E9-A304-32B752E40360): 2
LogDevObjectVersion:   Dev-Networking (A4E4105C-59A1-49B5-A7C5-40C4547EDFEE): 0
LogDevObjectVersion:   Dev-Online (39C831C9-5AE6-47DC-9A44-9C173E1C8E7C): 0
LogDevObjectVersion:   Dev-Physics (78F01B33-EBEA-4F98-B9B4-84EACCB95AA2): 2
LogDevObjectVersion:   Dev-Platform (6631380F-2D4D-43E0-8009-CF276956A95A): 0
LogDevObjectVersion:   Dev-Rendering (12F88B9F-8875-4AFC-A67C-D90C383ABD29): 36
LogDevObjectVersion:   Dev-Sequencer (7B5AE74C-D270-4C10-A958-57980B212A5A): 11
LogDevObjectVersion:   Dev-VR (D7296918-1DD6-4BDD-9DE2-64A83CC13884): 2
LogDevObjectVersion:   Dev-LoadTimes (C2A15278-BFE7-4AFE-6C17-90FF531DF755): 1
LogDevObjectVersion:   Private-Geometry (6EACA3D4-40EC-4CC1-B786-8BED09428FC5): 3
LogDevObjectVersion:   Dev-AnimPhys (29E575DD-E0A3-4627-9D10-D276232CDCEA): 17
LogDevObjectVersion:   Dev-Anim (AF43A65D-7FD3-4947-9873-3E8ED9C1BB05): 2
LogDevObjectVersion:   Dev-ReflectionCapture (6B266CEC-1EC7-4B8F-A30B-E4D90942FC07): 1
LogDevObjectVersion:   Dev-Automation (0DF73D61-A23F-47EA-B727-89E90C41499A): 1
LogDevObjectVersion:   FortniteMain (601D1886-AC64-4F84-AA16-D3DE0DEAC7D6): 31
LogDevObjectVersion:   Dev-Enterprise (9DFFBCD6-494F-0158-E221-12823C92A888): 8
LogDevObjectVersion:   Dev-Niagara (F2AED0AC-9AFE-416F-8664-AA7FFA26D6FC): 1
LogDevObjectVersion:   Dev-Destruction (174F1F0B-B4C6-45A5-B13F-2EE8D0FB917D): 9
LogDevObjectVersion:   Dev-Physics-Ext (35F94A83-E258-406C-A318-09F59610247C): 8
LogDevObjectVersion:   Dev-CineCamera (B2E18506-4273-CFC2-A54E-F4BB758BBA07): 1
LogInit: Presizing for max 25165824 objects, including 0 objects not considered by GC, pre-allocating 0 bytes for permanent pool.
LogInit: Object subsystem initialized
LogConfig: Setting CVar [[con.DebugEarlyDefault:1]]
LogConfig: Setting CVar [[r.setres:1280x720]]
[2020.03.27-17.29.09:100][  0]LogConfig: Setting CVar [[r.VSync:0]]
[2020.03.27-17.29.09:100][  0]LogConfig: Setting CVar [[r.RHICmdBypass:0]]
[2020.03.27-17.29.09:178][  0]LogConfig: Applying CVar settings from Section [/Script/Engine.RendererSettings] File [C:/Users/gaytr/OneDrive/Documents/GitHub/Gaming2Mario2019/Gaming2Mario2019/Saved/Config/Windows/Engine.ini]
[2020.03.27-17.29.09:178][  0]LogConfig: Setting CVar [[r.GPUCrashDebugging:0]]
[2020.03.27-17.29.09:178][  0]LogConfig: Setting CVar [[r.MobileHDR:1]]
[2020.03.27-17.29.09:178][  0]LogConfig: Setting CVar [[r.Mobile.DisableVertexFog:1]]
[2020.03.27-17.29.09:178][  0]LogConfig: Setting CVar [[r.Shadow.CSM.MaxMobileCascades:2]]
[2020.03.27-17.29.09:178][  0]LogConfig: Setting CVar [[r.MobileMSAA:1]]
[2020.03.27-17.29.09:178][  0]LogConfig: Setting CVar [[r.Mobile.UseLegacyShadingModel:0]]
[2020.03.27-17.29.09:179][  0]LogConfig: Setting CVar [[r.Mobile.UseHWsRGBEncoding:0]]
[2020.03.27-17.29.09:179][  0]LogConfig: Setting CVar [[r.Mobile.AllowDitheredLODTransition:0]]
[2020.03.27-17.29.09:179][  0]LogConfig: Setting CVar [[r.Mobile.AllowSoftwareOcclusion:0]]
[2020.03.27-17.29.09:179][  0]LogConfig: Setting CVar [[r.DiscardUnusedQuality:0]]
[2020.03.27-17.29.09:179][  0]LogConfig: Setting CVar [[r.AllowOcclusionQueries:1]]
[2020.03.27-17.29.09:179][  0]LogConfig: Setting CVar [[r.MinScreenRadiusForLights:0.030000]]
[2020.03.27-17.29.09:179][  0]LogConfig: Setting CVar [[r.MinScreenRadiusForDepthPrepass:0.030000]]
[2020.03.27-17.29.09:179][  0]LogConfig: Setting CVar [[r.MinScreenRadiusForCSMDepth:0.010000]]
[2020.03.27-17.29.09:179][  0]LogConfig: Setting CVar [[r.PrecomputedVisibilityWarning:0]]
[2020.03.27-17.29.09:179][  0]LogConfig: Setting CVar [[r.TextureStreaming:1]]
[2020.03.27-17.29.09:179][  0]LogConfig: Setting CVar [[Compat.UseDXT5NormalMaps:0]]
[2020.03.27-17.29.09:179][  0]LogConfig: Setting CVar [[r.VirtualTextures:0]]
[2020.03.27-17.29.09:179][  0]LogConfig: Setting CVar [[r.VirtualTexturedLightmaps:0]]
[2020.03.27-17.29.09:179][  0]LogConfig: Setting CVar [[r.VT.TileSize:128]]
[2020.03.27-17.29.09:179][  0]LogConfig: Setting CVar [[r.VT.TileBorderSize:4]]
[2020.03.27-17.29.09:179][  0]LogConfig: Setting CVar [[r.vt.FeedbackFactor:16]]
[2020.03.27-17.29.09:179][  0]LogConfig: Setting CVar [[r.VT.EnableCompressZlib:1]]
[2020.03.27-17.29.09:179][  0]LogConfig: Setting CVar [[r.VT.EnableCompressCrunch:0]]
[2020.03.27-17.29.09:179][  0]LogConfig: Setting CVar [[r.ClearCoatNormal:0]]
[2020.03.27-17.29.09:179][  0]LogConfig: Setting CVar [[r.ReflectionCaptureResolution:128]]
[2020.03.27-17.29.09:179][  0]LogConfig: Setting CVar [[r.ReflectionEnvironmentLightmapMixBasedOnRoughness:1]]
[2020.03.27-17.29.09:179][  0]LogConfig: Setting CVar [[r.ForwardShading:0]]
[2020.03.27-17.29.09:179][  0]LogConfig: Setting CVar [[r.VertexFoggingForOpaque:1]]
[2020.03.27-17.29.09:179][  0]LogConfig: Setting CVar [[r.AllowStaticLighting:1]]
[2020.03.27-17.29.09:179][  0]LogConfig: Setting CVar [[r.NormalMapsForStaticLighting:0]]
[2020.03.27-17.29.09:179][  0]LogConfig: Setting CVar [[r.GenerateMeshDistanceFields:0]]
[2020.03.27-17.29.09:179][  0]LogConfig: Setting CVar [[r.DistanceFieldBuild.EightBit:0]]
[2020.03.27-17.29.09:179][  0]LogConfig: Setting CVar [[r.GenerateLandscapeGIData:0]]
[2020.03.27-17.29.09:179][  0]LogConfig: Setting CVar [[r.DistanceFieldBuild.Compress:0]]
[2020.03.27-17.29.09:179][  0]LogConfig: Setting CVar [[r.TessellationAdaptivePixelsPerTriangle:48.000000]]
[2020.03.27-17.29.09:179][  0]LogConfig: Setting CVar [[r.SeparateTranslucency:1]]
[2020.03.27-17.29.09:179][  0]LogConfig: Setting CVar [[r.TranslucentSortPolicy:0]]
[2020.03.27-17.29.09:180][  0]LogConfig: Setting CVar [[r.CustomDepth:1]]
[2020.03.27-17.29.09:180][  0]LogConfig: Setting CVar [[r.CustomDepthTemporalAAJitter:1]]
[2020.03.27-17.29.09:180][  0]LogConfig: Setting CVar [[r.PostProcessing.PropagateAlpha:0]]
[2020.03.27-17.29.09:180][  0]LogConfig: Setting CVar [[r.DefaultFeature.Bloom:1]]
[2020.03.27-17.29.09:180][  0]LogConfig: Setting CVar [[r.DefaultFeature.AmbientOcclusion:1]]
[2020.03.27-17.29.09:180][  0]LogConfig: Setting CVar [[r.DefaultFeature.AmbientOcclusionStaticFraction:1]]
[2020.03.27-17.29.09:180][  0]LogConfig: Setting CVar [[r.DefaultFeature.AutoExposure:0]]
[2020.03.27-17.29.09:180][  0]LogConfig: Setting CVar [[r.DefaultFeature.AutoExposure.Method:0]]
[2020.03.27-17.29.09:180][  0]LogConfig: Setting CVar [[r.DefaultFeature.AutoExposure.ExtendDefaultLuminanceRange:1]]
[2020.03.27-17.29.09:180][  0]LogConfig: Setting CVar [[r.UsePreExposure:1]]
[2020.03.27-17.29.09:180][  0]LogConfig: Setting CVar [[r.EyeAdaptation.EditorOnly:1]]
[2020.03.27-17.29.09:180][  0]LogConfig: Setting CVar [[r.DefaultFeature.MotionBlur:0]]
[2020.03.27-17.29.09:180][  0]LogConfig: Setting CVar [[r.DefaultFeature.LensFlare:0]]
[2020.03.27-17.29.09:180][  0]LogConfig: Setting CVar [[r.TemporalAA.Upsampling:0]]
[2020.03.27-17.29.09:180][  0]LogConfig: Setting CVar [[r.DefaultFeature.AntiAliasing:0]]
[2020.03.27-17.29.09:180][  0]LogConfig: Setting CVar [[r.DefaultFeature.LightUnits:1]]
[2020.03.27-17.29.09:180][  0]LogConfig: Setting CVar [[r.DefaultBackBufferPixelFormat:4]]
[2020.03.27-17.29.09:180][  0]LogConfig: Setting CVar [[r.Shadow.UnbuiltPreviewInGame:1]]
[2020.03.27-17.29.09:180][  0]LogConfig: Setting CVar [[r.StencilForLODDither:0]]
[2020.03.27-17.29.09:180][  0]LogConfig: Setting CVar [[r.EarlyZPass:3]]
[2020.03.27-17.29.09:201][  0]LogConfig: Setting CVar [[r.EarlyZPassOnlyMaterialMasking:0]]
[2020.03.27-17.29.09:201][  0]LogConfig: Setting CVar [[r.DBuffer:1]]
[2020.03.27-17.29.09:201][  0]LogConfig: Setting CVar [[r.ClearSceneMethod:1]]
[2020.03.27-17.29.09:201][  0]LogConfig: Setting CVar [[r.BasePassOutputsVelocity:0]]
[2020.03.27-17.29.09:201][  0]LogConfig: Setting CVar [[r.SelectiveBasePassOutputs:0]]
[2020.03.27-17.29.09:201][  0]LogConfig: Setting CVar [[fx.GPUSimulationTextureSizeX:1024]]
[2020.03.27-17.29.09:201][  0]LogConfig: Setting CVar [[fx.GPUSimulationTextureSizeY:1024]]
[2020.03.27-17.29.09:201][  0]LogConfig: Setting CVar [[r.AllowGlobalClipPlane:0]]
[2020.03.27-17.29.09:201][  0]LogConfig: Setting CVar [[r.GBufferFormat:1]]
[2020.03.27-17.29.09:201][  0]LogConfig: Setting CVar [[r.MorphTarget.Mode:1]]
[2020.03.27-17.29.09:201][  0]LogConfig: Setting CVar [[vr.InstancedStereo:0]]
[2020.03.27-17.29.09:201][  0]LogConfig: Setting CVar [[vr.MultiView:0]]
[2020.03.27-17.29.09:202][  0]LogConfig: Setting CVar [[vr.MobileMultiView:0]]
[2020.03.27-17.29.09:202][  0]LogConfig: Setting CVar [[vr.MobileMultiView.Direct:0]]
[2020.03.27-17.29.09:202][  0]LogConfig: Setting CVar [[vr.RoundRobinOcclusion:0]]
[2020.03.27-17.29.09:202][  0]LogConfig: Setting CVar [[vr.ODSCapture:0]]
[2020.03.27-17.29.09:202][  0]LogConfig: Setting CVar [[r.WireframeCullThreshold:5.000000]]
[2020.03.27-17.29.09:202][  0]LogConfig: Setting CVar [[r.RayTracing:0]]
[2020.03.27-17.29.09:202][  0]LogConfig: Setting CVar [[r.SupportStationarySkylight:1]]
[2020.03.27-17.29.09:202][  0]LogConfig: Setting CVar [[r.SupportLowQualityLightmaps:1]]
[2020.03.27-17.29.09:202][  0]LogConfig: Setting CVar [[r.SupportPointLightWholeSceneShadows:1]]
[2020.03.27-17.29.09:202][  0]LogConfig: Setting CVar [[r.SupportAtmosphericFog:1]]
[2020.03.27-17.29.09:202][  0]LogConfig: Setting CVar [[r.SkinCache.CompileShaders:0]]
[2020.03.27-17.29.09:202][  0]LogConfig: Setting CVar [[r.Mobile.EnableStaticAndCSMShadowReceivers:1]]
[2020.03.27-17.29.09:202][  0]LogConfig: Setting CVar [[r.Mobile.EnableMovableLightCSMShaderCulling:1]]
[2020.03.27-17.29.09:202][  0]LogConfig: Setting CVar [[r.Mobile.AllowDistanceFieldShadows:1]]
[2020.03.27-17.29.09:202][  0]LogConfig: Setting CVar [[r.Mobile.AllowMovableDirectionalLights:1]]
[2020.03.27-17.29.09:202][  0]LogConfig: Setting CVar [[r.MobileNumDynamicPointLights:4]]
[2020.03.27-17.29.09:202][  0]LogConfig: Setting CVar [[r.MobileDynamicPointLightsUseStaticBranch:1]]
[2020.03.27-17.29.09:202][  0]LogConfig: Setting CVar [[r.Mobile.EnableMovableSpotlights:0]]
[2020.03.27-17.29.09:202][  0]LogConfig: Setting CVar [[r.SkinCache.SceneMemoryLimitInMB:128.000000]]
[2020.03.27-17.29.09:202][  0]LogConfig: Setting CVar [[r.GPUSkin.Limit2BoneInfluences:0]]
[2020.03.27-17.29.09:202][  0]LogConfig: Setting CVar [[r.SupportDepthOnlyIndexBuffers:1]]
[2020.03.27-17.29.09:202][  0]LogConfig: Setting CVar [[r.SupportReversedIndexBuffers:1]]
[2020.03.27-17.29.09:202][  0]LogConfig: Setting CVar [[r.SupportMaterialLayers:0]]
[2020.03.27-17.29.09:202][  0]LogConfig: Applying CVar settings from Section [/Script/Engine.RendererOverrideSettings] File [C:/Users/gaytr/OneDrive/Documents/GitHub/Gaming2Mario2019/Gaming2Mario2019/Saved/Config/Windows/Engine.ini]
[2020.03.27-17.29.09:202][  0]LogConfig: Applying CVar settings from Section [/Script/Engine.StreamingSettings] File [C:/Users/gaytr/OneDrive/Documents/GitHub/Gaming2Mario2019/Gaming2Mario2019/Saved/Config/Windows/Engine.ini]
[2020.03.27-17.29.09:202][  0]LogConfig: Setting CVar [[s.MinBulkDataSizeForAsyncLoading:131072]]
[2020.03.27-17.29.09:202][  0]LogConfig: Setting CVar [[s.AsyncLoadingThreadEnabled:0]]
[2020.03.27-17.29.09:202][  0]LogConfig: Setting CVar [[s.EventDrivenLoaderEnabled:1]]
[2020.03.27-17.29.09:202][  0]LogConfig: Setting CVar [[s.WarnIfTimeLimitExceeded:0]]
[2020.03.27-17.29.09:202][  0]LogConfig: Setting CVar [[s.TimeLimitExceededMultiplier:1.5]]
[2020.03.27-17.29.09:202][  0]LogConfig: Setting CVar [[s.TimeLimitExceededMinTime:0.005]]
[2020.03.27-17.29.09:202][  0]LogConfig: Setting CVar [[s.UseBackgroundLevelStreaming:1]]
[2020.03.27-17.29.09:202][  0]LogConfig: Setting CVar [[s.PriorityAsyncLoadingExtraTime:15.0]]
[2020.03.27-17.29.09:202][  0]LogConfig: Setting CVar [[s.LevelStreamingActorsUpdateTimeLimit:5.0]]
[2020.03.27-17.29.09:203][  0]LogConfig: Setting CVar [[s.PriorityLevelStreamingActorsUpdateExtraTime:5.0]]
[2020.03.27-17.29.09:203][  0]LogConfig: Setting CVar [[s.LevelStreamingComponentsRegistrationGranularity:10]]
[2020.03.27-17.29.09:203][  0]LogConfig: Setting CVar [[s.UnregisterComponentsTimeLimit:1.0]]
[2020.03.27-17.29.09:203][  0]LogConfig: Setting CVar [[s.LevelStreamingComponentsUnregistrationGranularity:5]]
[2020.03.27-17.29.09:203][  0]LogConfig: Setting CVar [[s.FlushStreamingOnExit:1]]
[2020.03.27-17.29.09:203][  0]LogConfig: Applying CVar settings from Section [/Script/Engine.GarbageCollectionSettings] File [C:/Users/gaytr/OneDrive/Documents/GitHub/Gaming2Mario2019/Gaming2Mario2019/Saved/Config/Windows/Engine.ini]
[2020.03.27-17.29.09:203][  0]LogConfig: Setting CVar [[gc.MaxObjectsNotConsideredByGC:1]]
[2020.03.27-17.29.09:203][  0]LogConfig: Setting CVar [[gc.SizeOfPermanentObjectPool:0]]
[2020.03.27-17.29.09:203][  0]LogConfig: Setting CVar [[gc.FlushStreamingOnGC:0]]
[2020.03.27-17.29.09:203][  0]LogConfig: Setting CVar [[gc.NumRetriesBeforeForcingGC:10]]
[2020.03.27-17.29.09:203][  0]LogConfig: Setting CVar [[gc.AllowParallelGC:1]]
[2020.03.27-17.29.09:203][  0]LogConfig: Setting CVar [[gc.TimeBetweenPurgingPendingKillObjects:61.1]]
[2020.03.27-17.29.09:203][  0]LogConfig: Setting CVar [[gc.MaxObjectsInEditor:25165824]]
[2020.03.27-17.29.09:203][  0]LogConfig: Setting CVar [[gc.IncrementalBeginDestroyEnabled:1]]
[2020.03.27-17.29.09:203][  0]LogConfig: Setting CVar [[gc.CreateGCClusters:1]]
[2020.03.27-17.29.09:203][  0]LogConfig: Setting CVar [[gc.MinGCClusterSize:5]]
[2020.03.27-17.29.09:203][  0]LogConfig: Setting CVar [[gc.ActorClusteringEnabled:0]]
[2020.03.27-17.29.09:203][  0]LogConfig: Setting CVar [[gc.BlueprintClusteringEnabled:0]]
[2020.03.27-17.29.09:203][  0]LogConfig: Setting CVar [[gc.UseDisregardForGCOnDedicatedServers:0]]
[2020.03.27-17.29.09:203][  0]LogConfig: Applying CVar settings from Section [/Script/Engine.NetworkSettings] File [C:/Users/gaytr/OneDrive/Documents/GitHub/Gaming2Mario2019/Gaming2Mario2019/Saved/Config/Windows/Engine.ini]
[2020.03.27-17.29.09:203][  0]LogConfig: Applying CVar settings from Section [/Script/UnrealEd.CookerSettings] File [C:/Users/gaytr/OneDrive/Documents/GitHub/Gaming2Mario2019/Gaming2Mario2019/Saved/Config/Windows/Engine.ini]
[2020.03.27-17.29.09:308][  0]LogConfig: Applying CVar settings from Section [ViewDistanceQuality@3] File [C:/Users/gaytr/OneDrive/Documents/GitHub/Gaming2Mario2019/Gaming2Mario2019/Saved/Config/Windows/Scalability.ini]
[2020.03.27-17.29.09:308][  0]LogConfig: Setting CVar [[r.SkeletalMeshLODBias:0]]
[2020.03.27-17.29.09:308][  0]LogConfig: Setting CVar [[r.ViewDistanceScale:1.0]]
[2020.03.27-17.29.09:308][  0]LogConfig: Applying CVar settings from Section [AntiAliasingQuality@3] File [C:/Users/gaytr/OneDrive/Documents/GitHub/Gaming2Mario2019/Gaming2Mario2019/Saved/Config/Windows/Scalability.ini]
[2020.03.27-17.29.09:308][  0]LogConfig: Setting CVar [[r.PostProcessAAQuality:4]]
[2020.03.27-17.29.09:308][  0]LogConfig: Applying CVar settings from Section [ShadowQuality@3] File [C:/Users/gaytr/OneDrive/Documents/GitHub/Gaming2Mario2019/Gaming2Mario2019/Saved/Config/Windows/Scalability.ini]
[2020.03.27-17.29.09:308][  0]LogConfig: Setting CVar [[r.LightFunctionQuality:1]]
[2020.03.27-17.29.09:308][  0]LogConfig: Setting CVar [[r.ShadowQuality:5]]
[2020.03.27-17.29.09:308][  0]LogConfig: Setting CVar [[r.Shadow.CSM.MaxCascades:10]]
[2020.03.27-17.29.09:308][  0]LogConfig: Setting CVar [[r.Shadow.MaxResolution:2048]]
[2020.03.27-17.29.09:308][  0]LogConfig: Setting CVar [[r.Shadow.MaxCSMResolution:2048]]
[2020.03.27-17.29.09:309][  0]LogConfig: Setting CVar [[r.Shadow.RadiusThreshold:0.01]]
[2020.03.27-17.29.09:309][  0]LogConfig: Setting CVar [[r.Shadow.DistanceScale:1.0]]
[2020.03.27-17.29.09:309][  0]LogConfig: Setting CVar [[r.Shadow.CSM.TransitionScale:1.0]]
[2020.03.27-17.29.09:309][  0]LogConfig: Setting CVar [[r.Shadow.PreShadowResolutionFactor:1.0]]
[2020.03.27-17.29.09:309][  0]LogConfig: Setting CVar [[r.DistanceFieldShadowing:1]]
[2020.03.27-17.29.09:309][  0]LogConfig: Setting CVar [[r.DistanceFieldAO:1]]
[2020.03.27-17.29.09:309][  0]LogConfig: Setting CVar [[r.AOQuality:2]]
[2020.03.27-17.29.09:309][  0]LogConfig: Setting CVar [[r.VolumetricFog:1]]
[2020.03.27-17.29.09:309][  0]LogConfig: Setting CVar [[r.VolumetricFog.GridPixelSize:8]]
[2020.03.27-17.29.09:309][  0]LogConfig: Setting CVar [[r.VolumetricFog.GridSizeZ:128]]
[2020.03.27-17.29.09:309][  0]LogConfig: Setting CVar [[r.VolumetricFog.HistoryMissSupersampleCount:4]]
[2020.03.27-17.29.09:309][  0]LogConfig: Setting CVar [[r.LightMaxDrawDistanceScale:1]]
[2020.03.27-17.29.09:309][  0]LogConfig: Setting CVar [[r.CapsuleShadows:1]]
[2020.03.27-17.29.09:309][  0]LogConfig: Applying CVar settings from Section [PostProcessQuality@3] File [C:/Users/gaytr/OneDrive/Documents/GitHub/Gaming2Mario2019/Gaming2Mario2019/Saved/Config/Windows/Scalability.ini]
[2020.03.27-17.29.09:309][  0]LogConfig: Setting CVar [[r.MotionBlurQuality:4]]
[2020.03.27-17.29.09:309][  0]LogConfig: Setting CVar [[r.AmbientOcclusionMipLevelFactor:0.4]]
[2020.03.27-17.29.09:309][  0]LogConfig: Setting CVar [[r.AmbientOcclusionMaxQuality:100]]
[2020.03.27-17.29.09:309][  0]LogConfig: Setting CVar [[r.AmbientOcclusionLevels:-1]]
[2020.03.27-17.29.09:309][  0]LogConfig: Setting CVar [[r.AmbientOcclusionRadiusScale:1.0]]
[2020.03.27-17.29.09:309][  0]LogConfig: Setting CVar [[r.DepthOfFieldQuality:2]]
[2020.03.27-17.29.09:309][  0]LogConfig: Setting CVar [[r.RenderTargetPoolMin:400]]
[2020.03.27-17.29.09:309][  0]LogConfig: Setting CVar [[r.LensFlareQuality:2]]
[2020.03.27-17.29.09:309][  0]LogConfig: Setting CVar [[r.SceneColorFringeQuality:1]]
[2020.03.27-17.29.09:309][  0]LogConfig: Setting CVar [[r.EyeAdaptationQuality:2]]
[2020.03.27-17.29.09:309][  0]LogConfig: Setting CVar [[r.BloomQuality:5]]
[2020.03.27-17.29.09:309][  0]LogConfig: Setting CVar [[r.FastBlurThreshold:100]]
[2020.03.27-17.29.09:309][  0]LogConfig: Setting CVar [[r.Upscale.Quality:3]]
[2020.03.27-17.29.09:309][  0]LogConfig: Setting CVar [[r.Tonemapper.GrainQuantization:1]]
[2020.03.27-17.29.09:309][  0]LogConfig: Setting CVar [[r.LightShaftQuality:1]]
[2020.03.27-17.29.09:309][  0]LogConfig: Setting CVar [[r.Filter.SizeScale:1]]
[2020.03.27-17.29.09:309][  0]LogConfig: Setting CVar [[r.Tonemapper.Quality:5]]
[2020.03.27-17.29.09:309][  0]LogConfig: Setting CVar [[r.DOF.Gather.AccumulatorQuality:1        ; higher gathering accumulator quality]]
[2020.03.27-17.29.09:309][  0]LogConfig: Setting CVar [[r.DOF.Gather.PostfilterMethod:1          ; Median3x3 postfilering method]]
[2020.03.27-17.29.09:309][  0]LogConfig: Setting CVar [[r.DOF.Gather.EnableBokehSettings:0       ; no bokeh simulation when gathering]]
[2020.03.27-17.29.09:309][  0]LogConfig: Setting CVar [[r.DOF.Gather.RingCount:4                 ; medium number of samples when gathering]]
[2020.03.27-17.29.09:310][  0]LogConfig: Setting CVar [[r.DOF.Scatter.ForegroundCompositing:1    ; additive foreground scattering]]
[2020.03.27-17.29.09:310][  0]LogConfig: Setting CVar [[r.DOF.Scatter.BackgroundCompositing:2    ; additive background scattering]]
[2020.03.27-17.29.09:310][  0]LogConfig: Setting CVar [[r.DOF.Scatter.EnableBokehSettings:1      ; bokeh simulation when scattering]]
[2020.03.27-17.29.09:310][  0]LogConfig: Setting CVar [[r.DOF.Scatter.MaxSpriteRatio:0.1         ; only a maximum of 10% of scattered bokeh]]
[2020.03.27-17.29.09:310][  0]LogConfig: Setting CVar [[r.DOF.Recombine.Quality:1                ; cheap slight out of focus]]
[2020.03.27-17.29.09:310][  0]LogConfig: Setting CVar [[r.DOF.Recombine.EnableBokehSettings:0    ; no bokeh simulation on slight out of focus]]
[2020.03.27-17.29.09:310][  0]LogConfig: Setting CVar [[r.DOF.TemporalAAQuality:1                ; more stable temporal accumulation]]
[2020.03.27-17.29.09:310][  0]LogConfig: Setting CVar [[r.DOF.Kernel.MaxForegroundRadius:0.025]]
[2020.03.27-17.29.09:310][  0]LogConfig: Setting CVar [[r.DOF.Kernel.MaxBackgroundRadius:0.025]]
[2020.03.27-17.29.09:310][  0]LogConfig: Applying CVar settings from Section [TextureQuality@3] File [C:/Users/gaytr/OneDrive/Documents/GitHub/Gaming2Mario2019/Gaming2Mario2019/Saved/Config/Windows/Scalability.ini]
[2020.03.27-17.29.09:310][  0]LogConfig: Setting CVar [[r.Streaming.MipBias:0]]
[2020.03.27-17.29.09:310][  0]LogConfig: Setting CVar [[r.Streaming.AmortizeCPUToGPUCopy:0]]
[2020.03.27-17.29.09:310][  0]LogConfig: Setting CVar [[r.Streaming.MaxNumTexturesToStreamPerFrame:0]]
[2020.03.27-17.29.09:310][  0]LogConfig: Setting CVar [[r.Streaming.Boost:1]]
[2020.03.27-17.29.09:310][  0]LogConfig: Setting CVar [[r.MaxAnisotropy:8]]
[2020.03.27-17.29.09:310][  0]LogConfig: Setting CVar [[r.VT.MaxAnisotropy:8]]
[2020.03.27-17.29.09:310][  0]LogConfig: Setting CVar [[r.Streaming.LimitPoolSizeToVRAM:0]]
[2020.03.27-17.29.09:310][  0]LogConfig: Setting CVar [[r.Streaming.PoolSize:1000]]
[2020.03.27-17.29.09:310][  0]LogConfig: Setting CVar [[r.Streaming.MaxEffectiveScreenSize:0]]
[2020.03.27-17.29.09:310][  0]LogConfig: Applying CVar settings from Section [EffectsQuality@3] File [C:/Users/gaytr/OneDrive/Documents/GitHub/Gaming2Mario2019/Gaming2Mario2019/Saved/Config/Windows/Scalability.ini]
[2020.03.27-17.29.09:310][  0]LogConfig: Setting CVar [[r.TranslucencyLightingVolumeDim:64]]
[2020.03.27-17.29.09:310][  0]LogConfig: Setting CVar [[r.RefractionQuality:2]]
[2020.03.27-17.29.09:310][  0]LogConfig: Setting CVar [[r.SSR.Quality:3]]
[2020.03.27-17.29.09:310][  0]LogConfig: Setting CVar [[r.SSR.HalfResSceneColor:0]]
[2020.03.27-17.29.09:310][  0]LogConfig: Setting CVar [[r.SceneColorFormat:4]]
[2020.03.27-17.29.09:310][  0]LogConfig: Setting CVar [[r.DetailMode:2]]
[2020.03.27-17.29.09:310][  0]LogConfig: Setting CVar [[r.TranslucencyVolumeBlur:1]]
[2020.03.27-17.29.09:310][  0]LogConfig: Setting CVar [[r.MaterialQualityLevel:1 ; High quality]]
[2020.03.27-17.29.09:310][  0]LogConfig: Setting CVar [[r.SSS.Scale:1]]
[2020.03.27-17.29.09:310][  0]LogConfig: Setting CVar [[r.SSS.SampleSet:2]]
[2020.03.27-17.29.09:310][  0]LogConfig: Setting CVar [[r.SSS.Quality:1]]
[2020.03.27-17.29.09:310][  0]LogConfig: Setting CVar [[r.SSS.HalfRes:1]]
[2020.03.27-17.29.09:310][  0]LogConfig: Setting CVar [[r.SSGI.Quality:3]]
[2020.03.27-17.29.09:310][  0]LogConfig: Setting CVar [[r.EmitterSpawnRateScale:1.0]]
[2020.03.27-17.29.09:310][  0]LogConfig: Setting CVar [[r.ParticleLightQuality:2]]
[2020.03.27-17.29.09:311][  0]LogConfig: Setting CVar [[r.SkyAtmosphere.AerialPerspectiveLUT.FastApplyOnOpaque:1 ; Always have FastSkyLUT 1 in this case to avoid wrong sky]]
[2020.03.27-17.29.09:311][  0]LogConfig: Setting CVar [[r.SkyAtmosphere.AerialPerspectiveLUT.SampleCountPerSlice:1]]
[2020.03.27-17.29.09:311][  0]LogConfig: Setting CVar [[r.SkyAtmosphere.AerialPerspectiveLUT.DepthResolution:16.0]]
[2020.03.27-17.29.09:311][  0]LogConfig: Setting CVar [[r.SkyAtmosphere.FastSkyLUT:1]]
[2020.03.27-17.29.09:311][  0]LogConfig: Setting CVar [[r.SkyAtmosphere.FastSkyLUT.SampleCountMin:4.0]]
[2020.03.27-17.29.09:311][  0]LogConfig: Setting CVar [[r.SkyAtmosphere.FastSkyLUT.SampleCountMax:32.0]]
[2020.03.27-17.29.09:311][  0]LogConfig: Setting CVar [[r.SkyAtmosphere.SampleCountMin:4.0]]
[2020.03.27-17.29.09:311][  0]LogConfig: Setting CVar [[r.SkyAtmosphere.SampleCountMax:32.0]]
[2020.03.27-17.29.09:311][  0]LogConfig: Setting CVar [[r.SkyAtmosphere.TransmittanceLUT.UseSmallFormat:0]]
[2020.03.27-17.29.09:311][  0]LogConfig: Setting CVar [[r.SkyAtmosphere.TransmittanceLUT.SampleCount:10.0]]
[2020.03.27-17.29.09:311][  0]LogConfig: Setting CVar [[r.SkyAtmosphere.MultiScatteringLUT.SampleCount:15.0]]
[2020.03.27-17.29.09:311][  0]LogConfig: Applying CVar settings from Section [FoliageQuality@3] File [C:/Users/gaytr/OneDrive/Documents/GitHub/Gaming2Mario2019/Gaming2Mario2019/Saved/Config/Windows/Scalability.ini]
[2020.03.27-17.29.09:311][  0]LogConfig: Setting CVar [[foliage.DensityScale:1.0]]
[2020.03.27-17.29.09:311][  0]LogConfig: Setting CVar [[grass.DensityScale:1.0]]
[2020.03.27-17.29.09:311][  0]LogConfig: Applying CVar settings from Section [ShadingQuality@3] File [C:/Users/gaytr/OneDrive/Documents/GitHub/Gaming2Mario2019/Gaming2Mario2019/Saved/Config/Windows/Scalability.ini]
[2020.03.27-17.29.09:311][  0]LogConfig: Setting CVar [[r.HairStrands.SkyLighting.SampleCount:16]]
[2020.03.27-17.29.09:311][  0]LogConfig: Setting CVar [[r.HairStrands.SkyLighting.JitterIntegration:0]]
[2020.03.27-17.29.09:311][  0]LogConfig: Setting CVar [[r.HairStrands.SkyAO.SampleCount:16]]
[2020.03.27-17.29.09:325][  0]LogInit: Selected Device Profile: [Windows]
[2020.03.27-17.29.09:325][  0]LogInit: Applying CVar settings loaded from the selected device profile: [Windows]
[2020.03.27-17.29.09:400][  0]LogHAL: Display: Platform has ~ 12 GB [12308475904 / 17179869184 / 12], which maps to Larger [LargestMinGB=32, LargerMinGB=12, DefaultMinGB=8, SmallerMinGB=6, SmallestMinGB=0)
[2020.03.27-17.29.09:400][  0]LogInit: Going up to parent DeviceProfile []
[2020.03.27-17.29.09:401][  0]LogConfig: Applying CVar settings from Section [ViewDistanceQuality@3] File [C:/Users/gaytr/OneDrive/Documents/GitHub/Gaming2Mario2019/Gaming2Mario2019/Saved/Config/Windows/Scalability.ini]
[2020.03.27-17.29.09:401][  0]LogConfig: Setting CVar [[r.SkeletalMeshLODBias:0]]
[2020.03.27-17.29.09:401][  0]LogConfig: Setting CVar [[r.ViewDistanceScale:1.0]]
[2020.03.27-17.29.09:401][  0]LogConfig: Applying CVar settings from Section [AntiAliasingQuality@3] File [C:/Users/gaytr/OneDrive/Documents/GitHub/Gaming2Mario2019/Gaming2Mario2019/Saved/Config/Windows/Scalability.ini]
[2020.03.27-17.29.09:401][  0]LogConfig: Setting CVar [[r.PostProcessAAQuality:4]]
[2020.03.27-17.29.09:401][  0]LogConfig: Applying CVar settings from Section [ShadowQuality@3] File [C:/Users/gaytr/OneDrive/Documents/GitHub/Gaming2Mario2019/Gaming2Mario2019/Saved/Config/Windows/Scalability.ini]
[2020.03.27-17.29.09:401][  0]LogConfig: Setting CVar [[r.LightFunctionQuality:1]]
[2020.03.27-17.29.09:401][  0]LogConfig: Setting CVar [[r.ShadowQuality:5]]
[2020.03.27-17.29.09:401][  0]LogConfig: Setting CVar [[r.Shadow.CSM.MaxCascades:10]]
[2020.03.27-17.29.09:401][  0]LogConfig: Setting CVar [[r.Shadow.MaxResolution:2048]]
[2020.03.27-17.29.09:401][  0]LogConfig: Setting CVar [[r.Shadow.MaxCSMResolution:2048]]
[2020.03.27-17.29.09:401][  0]LogConfig: Setting CVar [[r.Shadow.RadiusThreshold:0.01]]
[2020.03.27-17.29.09:401][  0]LogConfig: Setting CVar [[r.Shadow.DistanceScale:1.0]]
[2020.03.27-17.29.09:401][  0]LogConfig: Setting CVar [[r.Shadow.CSM.TransitionScale:1.0]]
[2020.03.27-17.29.09:401][  0]LogConfig: Setting CVar [[r.Shadow.PreShadowResolutionFactor:1.0]]
[2020.03.27-17.29.09:401][  0]LogConfig: Setting CVar [[r.DistanceFieldShadowing:1]]
[2020.03.27-17.29.09:401][  0]LogConfig: Setting CVar [[r.DistanceFieldAO:1]]
[2020.03.27-17.29.09:401][  0]LogConfig: Setting CVar [[r.AOQuality:2]]
[2020.03.27-17.29.09:401][  0]LogConfig: Setting CVar [[r.VolumetricFog:1]]
[2020.03.27-17.29.09:401][  0]LogConfig: Setting CVar [[r.VolumetricFog.GridPixelSize:8]]
[2020.03.27-17.29.09:401][  0]LogConfig: Setting CVar [[r.VolumetricFog.GridSizeZ:128]]
[2020.03.27-17.29.09:401][  0]LogConfig: Setting CVar [[r.VolumetricFog.HistoryMissSupersampleCount:4]]
[2020.03.27-17.29.09:401][  0]LogConfig: Setting CVar [[r.LightMaxDrawDistanceScale:1]]
[2020.03.27-17.29.09:401][  0]LogConfig: Setting CVar [[r.CapsuleShadows:1]]
[2020.03.27-17.29.09:401][  0]LogConfig: Applying CVar settings from Section [PostProcessQuality@3] File [C:/Users/gaytr/OneDrive/Documents/GitHub/Gaming2Mario2019/Gaming2Mario2019/Saved/Config/Windows/Scalability.ini]
[2020.03.27-17.29.09:401][  0]LogConfig: Setting CVar [[r.MotionBlurQuality:4]]
[2020.03.27-17.29.09:401][  0]LogConfig: Setting CVar [[r.AmbientOcclusionMipLevelFactor:0.4]]
[2020.03.27-17.29.09:401][  0]LogConfig: Setting CVar [[r.AmbientOcclusionMaxQuality:100]]
[2020.03.27-17.29.09:401][  0]LogConfig: Setting CVar [[r.AmbientOcclusionLevels:-1]]
[2020.03.27-17.29.09:401][  0]LogConfig: Setting CVar [[r.AmbientOcclusionRadiusScale:1.0]]
[2020.03.27-17.29.09:401][  0]LogConfig: Setting CVar [[r.DepthOfFieldQuality:2]]
[2020.03.27-17.29.09:402][  0]LogConfig: Setting CVar [[r.RenderTargetPoolMin:400]]
[2020.03.27-17.29.09:402][  0]LogConfig: Setting CVar [[r.LensFlareQuality:2]]
[2020.03.27-17.29.09:402][  0]LogConfig: Setting CVar [[r.SceneColorFringeQuality:1]]
[2020.03.27-17.29.09:402][  0]LogConfig: Setting CVar [[r.EyeAdaptationQuality:2]]
[2020.03.27-17.29.09:402][  0]LogConfig: Setting CVar [[r.BloomQuality:5]]
[2020.03.27-17.29.09:402][  0]LogConfig: Setting CVar [[r.FastBlurThreshold:100]]
[2020.03.27-17.29.09:402][  0]LogConfig: Setting CVar [[r.Upscale.Quality:3]]
[2020.03.27-17.29.09:402][  0]LogConfig: Setting CVar [[r.Tonemapper.GrainQuantization:1]]
[2020.03.27-17.29.09:402][  0]LogConfig: Setting CVar [[r.LightShaftQuality:1]]
[2020.03.27-17.29.09:402][  0]LogConfig: Setting CVar [[r.Filter.SizeScale:1]]
[2020.03.27-17.29.09:402][  0]LogConfig: Setting CVar [[r.Tonemapper.Quality:5]]
[2020.03.27-17.29.09:402][  0]LogConfig: Setting CVar [[r.DOF.Gather.AccumulatorQuality:1        ; higher gathering accumulator quality]]
[2020.03.27-17.29.09:402][  0]LogConfig: Setting CVar [[r.DOF.Gather.PostfilterMethod:1          ; Median3x3 postfilering method]]
[2020.03.27-17.29.09:402][  0]LogConfig: Setting CVar [[r.DOF.Gather.EnableBokehSettings:0       ; no bokeh simulation when gathering]]
[2020.03.27-17.29.09:402][  0]LogConfig: Setting CVar [[r.DOF.Gather.RingCount:4                 ; medium number of samples when gathering]]
[2020.03.27-17.29.09:402][  0]LogConfig: Setting CVar [[r.DOF.Scatter.ForegroundCompositing:1    ; additive foreground scattering]]
[2020.03.27-17.29.09:402][  0]LogConfig: Setting CVar [[r.DOF.Scatter.BackgroundCompositing:2    ; additive background scattering]]
[2020.03.27-17.29.09:402][  0]LogConfig: Setting CVar [[r.DOF.Scatter.EnableBokehSettings:1      ; bokeh simulation when scattering]]
[2020.03.27-17.29.09:402][  0]LogConfig: Setting CVar [[r.DOF.Scatter.MaxSpriteRatio:0.1         ; only a maximum of 10% of scattered bokeh]]
[2020.03.27-17.29.09:402][  0]LogConfig: Setting CVar [[r.DOF.Recombine.Quality:1                ; cheap slight out of focus]]
[2020.03.27-17.29.09:402][  0]LogConfig: Setting CVar [[r.DOF.Recombine.EnableBokehSettings:0    ; no bokeh simulation on slight out of focus]]
[2020.03.27-17.29.09:402][  0]LogConfig: Setting CVar [[r.DOF.TemporalAAQuality:1                ; more stable temporal accumulation]]
[2020.03.27-17.29.09:402][  0]LogConfig: Setting CVar [[r.DOF.Kernel.MaxForegroundRadius:0.025]]
[2020.03.27-17.29.09:402][  0]LogConfig: Setting CVar [[r.DOF.Kernel.MaxBackgroundRadius:0.025]]
[2020.03.27-17.29.09:402][  0]LogConfig: Applying CVar settings from Section [TextureQuality@3] File [C:/Users/gaytr/OneDrive/Documents/GitHub/Gaming2Mario2019/Gaming2Mario2019/Saved/Config/Windows/Scalability.ini]
[2020.03.27-17.29.09:402][  0]LogConfig: Setting CVar [[r.Streaming.MipBias:0]]
[2020.03.27-17.29.09:402][  0]LogConfig: Setting CVar [[r.Streaming.AmortizeCPUToGPUCopy:0]]
[2020.03.27-17.29.09:402][  0]LogConfig: Setting CVar [[r.Streaming.MaxNumTexturesToStreamPerFrame:0]]
[2020.03.27-17.29.09:402][  0]LogConfig: Setting CVar [[r.Streaming.Boost:1]]
[2020.03.27-17.29.09:402][  0]LogConfig: Setting CVar [[r.MaxAnisotropy:8]]
[2020.03.27-17.29.09:402][  0]LogConfig: Setting CVar [[r.VT.MaxAnisotropy:8]]
[2020.03.27-17.29.09:402][  0]LogConfig: Setting CVar [[r.Streaming.LimitPoolSizeToVRAM:0]]
[2020.03.27-17.29.09:402][  0]LogConfig: Setting CVar [[r.Streaming.PoolSize:1000]]
[2020.03.27-17.29.09:402][  0]LogConfig: Setting CVar [[r.Streaming.MaxEffectiveScreenSize:0]]
[2020.03.27-17.29.09:402][  0]LogConfig: Applying CVar settings from Section [EffectsQuality@3] File [C:/Users/gaytr/OneDrive/Documents/GitHub/Gaming2Mario2019/Gaming2Mario2019/Saved/Config/Windows/Scalability.ini]
[2020.03.27-17.29.09:403][  0]LogConfig: Setting CVar [[r.TranslucencyLightingVolumeDim:64]]
[2020.03.27-17.29.09:403][  0]LogConfig: Setting CVar [[r.RefractionQuality:2]]
[2020.03.27-17.29.09:403][  0]LogConfig: Setting CVar [[r.SSR.Quality:3]]
[2020.03.27-17.29.09:403][  0]LogConfig: Setting CVar [[r.SSR.HalfResSceneColor:0]]
[2020.03.27-17.29.09:403][  0]LogConfig: Setting CVar [[r.SceneColorFormat:4]]
[2020.03.27-17.29.09:403][  0]LogConfig: Setting CVar [[r.DetailMode:2]]
[2020.03.27-17.29.09:403][  0]LogConfig: Setting CVar [[r.TranslucencyVolumeBlur:1]]
[2020.03.27-17.29.09:403][  0]LogConfig: Setting CVar [[r.MaterialQualityLevel:1 ; High quality]]
[2020.03.27-17.29.09:403][  0]LogConfig: Setting CVar [[r.SSS.Scale:1]]
[2020.03.27-17.29.09:403][  0]LogConfig: Setting CVar [[r.SSS.SampleSet:2]]
[2020.03.27-17.29.09:403][  0]LogConfig: Setting CVar [[r.SSS.Quality:1]]
[2020.03.27-17.29.09:403][  0]LogConfig: Setting CVar [[r.SSS.HalfRes:1]]
[2020.03.27-17.29.09:403][  0]LogConfig: Setting CVar [[r.SSGI.Quality:3]]
[2020.03.27-17.29.09:403][  0]LogConfig: Setting CVar [[r.EmitterSpawnRateScale:1.0]]
[2020.03.27-17.29.09:403][  0]LogConfig: Setting CVar [[r.ParticleLightQuality:2]]
[2020.03.27-17.29.09:403][  0]LogConfig: Setting CVar [[r.SkyAtmosphere.AerialPerspectiveLUT.FastApplyOnOpaque:1 ; Always have FastSkyLUT 1 in this case to avoid wrong sky]]
[2020.03.27-17.29.09:403][  0]LogConfig: Setting CVar [[r.SkyAtmosphere.AerialPerspectiveLUT.SampleCountPerSlice:1]]
[2020.03.27-17.29.09:403][  0]LogConfig: Setting CVar [[r.SkyAtmosphere.AerialPerspectiveLUT.DepthResolution:16.0]]
[2020.03.27-17.29.09:403][  0]LogConfig: Setting CVar [[r.SkyAtmosphere.FastSkyLUT:1]]
[2020.03.27-17.29.09:403][  0]LogConfig: Setting CVar [[r.SkyAtmosphere.FastSkyLUT.SampleCountMin:4.0]]
[2020.03.27-17.29.09:403][  0]LogConfig: Setting CVar [[r.SkyAtmosphere.FastSkyLUT.SampleCountMax:32.0]]
[2020.03.27-17.29.09:403][  0]LogConfig: Setting CVar [[r.SkyAtmosphere.SampleCountMin:4.0]]
[2020.03.27-17.29.09:403][  0]LogConfig: Setting CVar [[r.SkyAtmosphere.SampleCountMax:32.0]]
[2020.03.27-17.29.09:403][  0]LogConfig: Setting CVar [[r.SkyAtmosphere.TransmittanceLUT.UseSmallFormat:0]]
[2020.03.27-17.29.09:403][  0]LogConfig: Setting CVar [[r.SkyAtmosphere.TransmittanceLUT.SampleCount:10.0]]
[2020.03.27-17.29.09:403][  0]LogConfig: Setting CVar [[r.SkyAtmosphere.MultiScatteringLUT.SampleCount:15.0]]
[2020.03.27-17.29.09:403][  0]LogConfig: Applying CVar settings from Section [FoliageQuality@3] File [C:/Users/gaytr/OneDrive/Documents/GitHub/Gaming2Mario2019/Gaming2Mario2019/Saved/Config/Windows/Scalability.ini]
[2020.03.27-17.29.09:403][  0]LogConfig: Setting CVar [[foliage.DensityScale:1.0]]
[2020.03.27-17.29.09:403][  0]LogConfig: Setting CVar [[grass.DensityScale:1.0]]
[2020.03.27-17.29.09:403][  0]LogConfig: Applying CVar settings from Section [ShadingQuality@3] File [C:/Users/gaytr/OneDrive/Documents/GitHub/Gaming2Mario2019/Gaming2Mario2019/Saved/Config/Windows/Scalability.ini]
[2020.03.27-17.29.09:403][  0]LogConfig: Setting CVar [[r.HairStrands.SkyLighting.SampleCount:16]]
[2020.03.27-17.29.09:403][  0]LogConfig: Setting CVar [[r.HairStrands.SkyLighting.JitterIntegration:0]]
[2020.03.27-17.29.09:404][  0]LogConfig: Setting CVar [[r.HairStrands.SkyAO.SampleCount:16]]
[2020.03.27-17.29.09:404][  0]LogConfig: Applying CVar settings from Section [Startup] File [../../../Engine/Config/ConsoleVariables.ini]
[2020.03.27-17.29.09:437][  0]LogConfig: Setting CVar [[net.UseAdaptiveNetUpdateFrequency:0]]
[2020.03.27-17.29.09:437][  0]LogConfig: Setting CVar [[p.chaos.AllowCreatePhysxBodies:1]]
[2020.03.27-17.29.09:437][  0]LogConfig: Applying CVar settings from Section [ConsoleVariables] File [C:/Users/gaytr/OneDrive/Documents/GitHub/Gaming2Mario2019/Gaming2Mario2019/Saved/Config/Windows/Engine.ini]
[2020.03.27-17.29.09:470][  0]LogInit: Computer: LAPTOP-FSEKBL1P
[2020.03.27-17.29.09:470][  0]LogInit: User: gaytr
[2020.03.27-17.29.09:471][  0]LogInit: CPU Page size=4096, Cores=4
[2020.03.27-17.29.09:471][  0]LogInit: High frequency timer resolution =10.000000 MHz
[2020.03.27-17.29.09:471][  0]LogMemory: Memory total: Physical=11.5GB (12GB approx)
[2020.03.27-17.29.09:471][  0]LogMemory: Platform Memory Stats for Windows
[2020.03.27-17.29.09:471][  0]LogMemory: Process Physical Memory: 104.21 MB used, 104.21 MB peak
[2020.03.27-17.29.09:471][  0]LogMemory: Process Virtual Memory: 99.72 MB used, 99.72 MB peak
[2020.03.27-17.29.09:471][  0]LogMemory: Physical Memory: 7312.31 MB used,  4425.96 MB free, 11738.28 MB total
[2020.03.27-17.29.09:471][  0]LogMemory: Virtual Memory: 5121.73 MB used,  134212608.00 MB free, 134217728.00 MB total
[2020.03.27-17.29.09:555][  0]LogWindows: WindowsPlatformFeatures enabled
[2020.03.27-17.29.11:301][  0]LogDirectoryWatcher: Warning: Failed to begin reading directory changes for ../../../../../../Users/gaytr/OneDrive/Documents/GitHub/Gaming2Mario2019/Gaming2Mario2019/Content/. Error: The system cannot find the file specified. (0x00000002)
[2020.03.27-17.29.11:302][  0]LogInit: Using OS detected language (en-US).
[2020.03.27-17.29.11:302][  0]LogInit: Using OS detected locale (en-US).
[2020.03.27-17.29.11:304][  0]LogTextLocalizationManager: No specific localization for 'en-US' exists, so the 'en' localization will be used.
[2020.03.27-17.29.12:691][  0]LogInit: Setting process to per monitor DPI aware
[2020.03.27-17.29.13:757][  0]LogSlate: New Slate User Created.  User Index 0, Is Virtual User: 0
[2020.03.27-17.29.13:757][  0]LogSlate: Slate User Registered.  User Index 0, Is Virtual User: 0
[2020.03.27-17.29.22:321][  0]LogHMD: Failed to initialize OpenVR with code 110
[2020.03.27-17.29.22:321][  0]LogD3D11RHI: D3D11 min allowed feature level: 11_0
[2020.03.27-17.29.22:321][  0]LogD3D11RHI: D3D11 max allowed feature level: 11_0
[2020.03.27-17.29.22:321][  0]LogD3D11RHI: D3D11 adapters:
[2020.03.27-17.29.22:374][  0]LogD3D11RHI:    0. 'AMD Radeon R7 Graphics' (Feature Level 11_0)
[2020.03.27-17.29.22:374][  0]LogD3D11RHI:       499/0/5869 MB DedicatedVideo/DedicatedSystem/SharedSystem, Outputs:1, VendorId:0x1002
[2020.03.27-17.29.22:380][  0]LogD3D11RHI:    1. 'Microsoft Basic Render Driver' (Feature Level 11_0)
[2020.03.27-17.29.22:380][  0]LogD3D11RHI:       0/0/5869 MB DedicatedVideo/DedicatedSystem/SharedSystem, Outputs:0, VendorId:0x1414
[2020.03.27-17.29.22:380][  0]LogD3D11RHI: Chosen D3D11 Adapter: 0
[2020.03.27-17.29.22:416][  0]LogD3D11RHI: Creating new Direct3DDevice
[2020.03.27-17.29.22:416][  0]LogD3D11RHI:     GPU DeviceId: 0x9874 (for the marketing name, search the web for "GPU Device Id")
[2020.03.27-17.29.22:416][  0]LogWindows: EnumDisplayDevices:
[2020.03.27-17.29.22:416][  0]LogWindows:    0. 'AMD Radeon R7 Graphics' (P:1 D:1)
[2020.03.27-17.29.22:417][  0]LogWindows:    1. 'AMD Radeon R7 Graphics' (P:0 D:0)
[2020.03.27-17.29.22:418][  0]LogWindows:    2. 'AMD Radeon R7 Graphics' (P:0 D:0)
[2020.03.27-17.29.22:418][  0]LogWindows: DebugString: FoundDriverCount:3 
[2020.03.27-17.29.22:419][  0]LogD3D11RHI:     Adapter Name: AMD Radeon R7 Graphics
[2020.03.27-17.29.22:419][  0]LogD3D11RHI:   Driver Version: Crimson ReLive 17.1.1 (internal:21.19.414.1280, unified:21.19.414.1280)
[2020.03.27-17.29.22:419][  0]LogD3D11RHI:      Driver Date: 3-19-2017
[2020.03.27-17.29.22:419][  0]LogRHI: Texture pool is 349 MB (70% of 499 MB)
[2020.03.27-17.29.22:844][  0]LogD3D11RHI: RHI does not have support for 64 bit atomics
[2020.03.27-17.29.22:858][  0]LogD3D11RHI: Async texture creation enabled
[2020.03.27-17.29.23:276][  0]LogD3D11RHI: GPU Timing Frequency: 100.000000 (Debug: 2 1)
[2020.03.27-17.29.26:744][  0]LogWindowsTextInputMethodSystem: Display: IME system now deactivated.
[2020.03.27-17.29.29:767][  0]LogTargetPlatformManager: Display: Loaded TargetPlatform 'AllDesktop'
[2020.03.27-17.29.29:914][  0]LogTargetPlatformManager: Display: Loaded TargetPlatform 'Android'
[2020.03.27-17.29.29:914][  0]LogTargetPlatformManager: Display: Loaded TargetPlatform 'Android_ASTC'
[2020.03.27-17.29.29:914][  0]LogTargetPlatformManager: Display: Loaded TargetPlatform 'Android_ATC'
[2020.03.27-17.29.29:914][  0]LogTargetPlatformManager: Display: Loaded TargetPlatform 'Android_DXT'
[2020.03.27-17.29.29:914][  0]LogTargetPlatformManager: Display: Loaded TargetPlatform 'Android_ETC1'
[2020.03.27-17.29.29:914][  0]LogTargetPlatformManager: Display: Loaded TargetPlatform 'Android_ETC1a'
[2020.03.27-17.29.29:914][  0]LogTargetPlatformManager: Display: Loaded TargetPlatform 'Android_ETC2'
[2020.03.27-17.29.29:914][  0]LogTargetPlatformManager: Display: Loaded TargetPlatform 'Android_PVRTC'
[2020.03.27-17.29.29:914][  0]LogTargetPlatformManager: Display: Loaded TargetPlatform 'AndroidClient'
[2020.03.27-17.29.29:914][  0]LogTargetPlatformManager: Display: Loaded TargetPlatform 'Android_ASTCClient'
[2020.03.27-17.29.29:914][  0]LogTargetPlatformManager: Display: Loaded TargetPlatform 'Android_ATCClient'
[2020.03.27-17.29.29:914][  0]LogTargetPlatformManager: Display: Loaded TargetPlatform 'Android_DXTClient'
[2020.03.27-17.29.29:914][  0]LogTargetPlatformManager: Display: Loaded TargetPlatform 'Android_ETC1Client'
[2020.03.27-17.29.29:914][  0]LogTargetPlatformManager: Display: Loaded TargetPlatform 'Android_ETC1aClient'
[2020.03.27-17.29.29:914][  0]LogTargetPlatformManager: Display: Loaded TargetPlatform 'Android_ETC2Client'
[2020.03.27-17.29.29:914][  0]LogTargetPlatformManager: Display: Loaded TargetPlatform 'Android_PVRTCClient'
[2020.03.27-17.29.29:914][  0]LogTargetPlatformManager: Display: Loaded TargetPlatform 'Android_Multi'
[2020.03.27-17.29.29:914][  0]LogTargetPlatformManager: Display: Loaded TargetPlatform 'Android_MultiClient'
[2020.03.27-17.29.30:146][  0]LogTargetPlatformManager: Display: Loaded TargetPlatform 'IOSClient'
[2020.03.27-17.29.30:146][  0]LogTargetPlatformManager: Display: Loaded TargetPlatform 'IOS'
[2020.03.27-17.29.30:238][  0]LogTargetPlatformManager: Display: Loaded TargetPlatform 'LinuxNoEditor'
[2020.03.27-17.29.30:261][  0]LogTargetPlatformManager: Display: Loaded TargetPlatform 'LinuxClient'
[2020.03.27-17.29.30:294][  0]LogTargetPlatformManager: Display: Loaded TargetPlatform 'LinuxServer'
[2020.03.27-17.29.30:327][  0]LogTargetPlatformManager: Display: Loaded TargetPlatform 'LinuxAArch64NoEditor'
[2020.03.27-17.29.30:347][  0]LogTargetPlatformManager: Display: Loaded TargetPlatform 'LinuxAArch64Client'
[2020.03.27-17.29.30:365][  0]LogTargetPlatformManager: Display: Loaded TargetPlatform 'LinuxAArch64Server'
[2020.03.27-17.29.30:443][  0]LogTargetPlatformManager: Display: Loaded TargetPlatform 'Lumin'
[2020.03.27-17.29.30:443][  0]LogTargetPlatformManager: Display: Loaded TargetPlatform 'LuminClient'
[2020.03.27-17.29.30:500][  0]LogTargetPlatformManager: Display: Loaded TargetPlatform 'TVOSClient'
[2020.03.27-17.29.30:500][  0]LogTargetPlatformManager: Display: Loaded TargetPlatform 'TVOS'
[2020.03.27-17.29.30:547][  0]LogTargetPlatformManager: Display: Loaded TargetPlatform 'WindowsNoEditor'
[2020.03.27-17.29.30:580][  0]LogTargetPlatformManager: Display: Loaded TargetPlatform 'Windows'
[2020.03.27-17.29.30:610][  0]LogTargetPlatformManager: Display: Loaded TargetPlatform 'WindowsClient'
[2020.03.27-17.29.30:644][  0]LogTargetPlatformManager: Display: Loaded TargetPlatform 'WindowsServer'
[2020.03.27-17.29.30:644][  0]LogTargetPlatformManager: Display: Building Assets For Windows
[2020.03.27-17.29.30:916][  0]LogAudioDebug: Display: Lib vorbis DLL was dynamically loaded.
[2020.03.27-17.29.31:937][  0]LogShaderCompilers: Guid format shader working directory is -44 characters bigger than the processId version (../../../../../../Users/gaytr/OneDrive/Documents/GitHub/Gaming2Mario2019/Gaming2Mario2019/Intermediate/Shaders/WorkingDirectory/19784/).
[2020.03.27-17.29.31:938][  0]LogShaderCompilers: Cleaned the shader compiler working directory 'C:/Users/gaytr/AppData/Local/Temp/UnrealShaderWorkingDir/C743C15C4031A98012B659B5D2EB8BA3/'.
[2020.03.27-17.29.31:954][  0]LogXGEController: Cleaning working directory: C:/Users/gaytr/AppData/Local/Temp/UnrealXGEWorkingDir/
[2020.03.27-17.29.31:955][  0]LogXGEController: Cannot use XGE Controller as Incredibuild is not installed on this machine.
[2020.03.27-17.29.31:955][  0]LogShaderCompilers: Cannot use XGE Shader Compiler as Incredibuild is not installed on this machine.
[2020.03.27-17.29.31:956][  0]LogShaderCompilers: Display: Using Local Shader Compiler.
[2020.03.27-17.29.43:066][  0]LogDerivedDataCache: Display: Max Cache Size: 512 MB
[2020.03.27-17.29.43:066][  0]LogDerivedDataCache: Display: Starting with empty Boot cache
[2020.03.27-17.29.43:066][  0]LogDerivedDataCache: FDerivedDataBackendGraph:  Pak pak cache file ../../../../../../Users/gaytr/OneDrive/Documents/GitHub/Gaming2Mario2019/Gaming2Mario2019/DerivedDataCache/DDC.ddp not found, will not use a pak cache.
[2020.03.27-17.29.43:066][  0]LogDerivedDataCache: Unable to find inner node Pak for hierarchical cache Hierarchy.
[2020.03.27-17.29.43:067][  0]LogDerivedDataCache: FDerivedDataBackendGraph:  CompressedPak pak cache file ../../../../../../Users/gaytr/OneDrive/Documents/GitHub/Gaming2Mario2019/Gaming2Mario2019/DerivedDataCache/Compressed.ddp not found, will not use a pak cache.
[2020.03.27-17.29.43:067][  0]LogDerivedDataCache: Unable to find inner node CompressedPak for hierarchical cache Hierarchy.
[2020.03.27-17.29.43:209][  0]LogDerivedDataCache: Display: Pak cache opened for reading ../../../Engine/DerivedDataCache/Compressed.ddp.
[2020.03.27-17.29.43:209][  0]LogDerivedDataCache: FDerivedDataBackendGraph:  EnterprisePak pak cache file ../../../Enterprise/DerivedDataCache/Compressed.ddp not found, will not use a pak cache.
[2020.03.27-17.29.43:209][  0]LogDerivedDataCache: Unable to find inner node EnterprisePak for hierarchical cache Hierarchy.
[2020.03.27-17.29.43:233][  0]LogDerivedDataCache: Using Local data cache path C:/Users/gaytr/AppData/Local/UnrealEngine/Common/DerivedDataCache: Writable
[2020.03.27-17.29.43:233][  0]LogDerivedDataCache: Shared data cache path not found in *engine.ini, will not use an Shared cache.
[2020.03.27-17.29.43:233][  0]LogDerivedDataCache: Unable to find inner node Shared for hierarchical cache Hierarchy.
[2020.03.27-17.29.44:792][  0]LogMaterial: Verifying Global Shaders for PCD3D_SM5
[2020.03.27-17.29.44:929][  0]LogSlate: Using FreeType 2.10.0
[2020.03.27-17.29.45:175][  0]LogSlate: SlateFontServices - WITH_FREETYPE: 1, WITH_HARFBUZZ: 1
[2020.03.27-17.29.46:849][  0]LogAssetRegistry: FAssetRegistry took 0.0171 seconds to start up
[2020.03.27-17.29.53:496][  0]LogInit: Selected Device Profile: [Windows]
[2020.03.27-17.29.58:187][  0]LogDerivedDataCache: FFileSystemDerivedDataBackend: Move collision, attempt at redundant update, OK C:/Users/gaytr/AppData/Local/UnrealEngine/Common/DerivedDataCache/5/4/6/MESHDATAKEY_STATICMESH_A3E0B7AD760A496A8C56C261B5FE9BF9_1A40E092359D57B233066A515C9F6915.udd.
[2020.03.27-17.29.58:187][  0]LogMeshReduction: Using QuadricMeshReduction for automatic static mesh reduction
[2020.03.27-17.29.58:187][  0]LogMeshReduction: Using SimplygonMeshReduction for automatic skeletal mesh reduction
[2020.03.27-17.29.58:187][  0]LogMeshReduction: Using ProxyLODMeshReduction for automatic mesh merging
[2020.03.27-17.29.58:187][  0]LogMeshReduction: No distributed automatic mesh merging module available
[2020.03.27-17.29.58:187][  0]LogMeshMerging: No distributed automatic mesh merging module available
[2020.03.27-17.29.59:502][  0]LogNetVersion: Gaming2Mario2019 1.0.0, NetCL: 10570792, EngineNetVer: 13, GameNetVer: 0 (Checksum: 3531864712)
[2020.03.27-17.30.55:366][  0]LogDerivedDataCache: FFileSystemDerivedDataBackend: Move collision, attempt at redundant update, OK C:/Users/gaytr/AppData/Local/UnrealEngine/Common/DerivedDataCache/6/0/3/MESHDATAKEY_STATICMESH_A3E0B7AD760A496A8C56C261B5FE9BF9_5D8926F5D9B086DECBF238AD967DFB1A.udd.
[2020.03.27-17.30.55:366][  0]LogDerivedDataCache: FFileSystemDerivedDataBackend: Move collision, attempt at redundant update, OK C:/Users/gaytr/AppData/Local/UnrealEngine/Common/DerivedDataCache/1/6/5/MESHDATAKEY_STATICMESH_A3E0B7AD760A496A8C56C261B5FE9BF9_A969A2F1F26F637DF998C96EE0162401.udd.
[2020.03.27-17.30.55:366][  0]LogDerivedDataCache: FFileSystemDerivedDataBackend: Move collision, attempt at redundant update, OK C:/Users/gaytr/AppData/Local/UnrealEngine/Common/DerivedDataCache/3/0/4/MESHDATAKEY_STATICMESH_A3E0B7AD760A496A8C56C261B5FE9BF9_5452E92B70A1729B9C84F5FF8B1F48A0.udd.
[2020.03.27-17.30.55:366][  0]LogDerivedDataCache: FFileSystemDerivedDataBackend: Move collision, attempt at redundant update, OK C:/Users/gaytr/AppData/Local/UnrealEngine/Common/DerivedDataCache/5/9/8/MESHDATAKEY_STATICMESH_A3E0B7AD760A496A8C56C261B5FE9BF9_1587ADF86410945E315603F244E6639C.udd.
[2020.03.27-17.30.55:366][  0]LogDerivedDataCache: FFileSystemDerivedDataBackend: Move collision, attempt at redundant update, OK C:/Users/gaytr/AppData/Local/UnrealEngine/Common/DerivedDataCache/8/2/6/MESHDATAKEY_STATICMESH_A3E0B7AD760A496A8C56C261B5FE9BF9_F7E3DC0BC06AE383274EE089B59D1845.udd.
[2020.03.27-17.30.55:366][  0]LogDerivedDataCache: FFileSystemDerivedDataBackend: Move collision, attempt at redundant update, OK C:/Users/gaytr/AppData/Local/UnrealEngine/Common/DerivedDataCache/4/0/7/MESHDATAKEY_STATICMESH_A3E0B7AD760A496A8C56C261B5FE9BF9_D4285B847286BB52BFF48D8A80B7C241.udd.
[2020.03.27-17.30.55:366][  0]LogDerivedDataCache: FFileSystemDerivedDataBackend: Move collision, attempt at redundant update, OK C:/Users/gaytr/AppData/Local/UnrealEngine/Common/DerivedDataCache/5/5/2/MESHDATAKEY_STATICMESH_A3E0B7AD760A496A8C56C261B5FE9BF9_1C0EFE22992ACA0E4F3F39BF92CB4BD3.udd.
[2020.03.27-17.30.55:366][  0]LogDerivedDataCache: FFileSystemDerivedDataBackend: Move collision, attempt at redundant update, OK C:/Users/gaytr/AppData/Local/UnrealEngine/Common/DerivedDataCache/6/8/7/MESHDATAKEY_STATICMESH_A3E0B7AD760A496A8C56C261B5FE9BF9_FD380ED1C6605424B9C14734B37BDE15.udd.
[2020.03.27-17.30.55:366][  0]LogPackageLocalizationCache: Processed 10 localized package path(s) for 1 prioritized culture(s) in 0.189839 seconds
[2020.03.27-17.30.55:457][  0]LogUObjectArray: 46746 objects as part of root set at end of initial load.
[2020.03.27-17.30.55:458][  0]LogUObjectAllocator: 8135816 out of 0 bytes used by permanent object pool.
[2020.03.27-17.30.55:458][  0]LogUObjectArray: CloseDisregardForGC: 0/0 objects in disregard for GC pool
[2020.03.27-17.31.04:616][  0]LogTcpMessaging: Initializing TcpMessaging bridge
[2020.03.27-17.31.04:653][  0]LogUdpMessaging: Initializing bridge on interface 0.0.0.0:0 to multicast group 230.0.0.1:6666.
[2020.03.27-17.31.05:593][  0]SourceControl: Source control is disabled
[2020.03.27-17.31.05:618][  0]SourceControl: Source control is disabled
[2020.03.27-17.31.05:721][  0]SourceControl: Source control is disabled
[2020.03.27-17.31.05:838][  0]SourceControl: Source control is disabled
[2020.03.27-17.31.05:861][  0]SourceControl: Source control is disabled
[2020.03.27-17.31.05:899][  0]LogVSAccessor: Display: Unable to create Visual Studio setup instance: 80040154
[2020.03.27-17.31.05:901][  0]LogVSAccessor: Display: Unable to create Visual Studio setup instance: 80040154
[2020.03.27-17.31.08:634][  0]LogAndroidPermission: UAndroidPermissionCallbackProxy::GetInstance
[2020.03.27-17.31.08:849][  0]LogAudioCaptureCore: Display: No Audio Capture implementations found. Audio input will be silent.
[2020.03.27-17.31.08:849][  0]LogAudioCaptureCore: Display: No Audio Capture implementations found. Audio input will be silent.
[2020.03.27-17.31.09:953][  0]LogOcInput: OculusInput pre-init called
[2020.03.27-17.31.10:247][  0]LogWindows: Failed to load 'OVRPlugin.dll' (GetLastError=126)
[2020.03.27-17.31.10:247][  0]LogWindows: File 'OVRPlugin.dll' does not exist
[2020.03.27-17.31.11:686][  0]LogEngine: Initializing Engine...
[2020.03.27-17.31.11:773][  0]LogHMD: Failed to initialize OpenVR with code 110
[2020.03.27-17.31.11:854][  0]LogStats: UGameplayTagsManager::InitializeManager -  0.033 s
[2020.03.27-17.31.14:001][  0]LogInit: Initializing FReadOnlyCVARCache
[2020.03.27-17.31.14:607][  0]LogAIModule: Creating AISystem for world Untitled
[2020.03.27-17.31.14:926][  0]LogAudioMixer: Display: Audio Mixer Platform Settings:
[2020.03.27-17.31.14:926][  0]LogAudioMixer: Display: 	Sample Rate:						  48000
[2020.03.27-17.31.14:926][  0]LogAudioMixer: Display: 	Callback Buffer Frame Size Requested: 256
[2020.03.27-17.31.14:926][  0]LogAudioMixer: Display: 	Callback Buffer Frame Size To Use:	  256
[2020.03.27-17.31.14:926][  0]LogAudioMixer: Display: 	Number of buffers to queue:			  7
[2020.03.27-17.31.14:926][  0]LogAudioMixer: Display: 	Max Channels (voices):				  32
[2020.03.27-17.31.14:927][  0]LogAudioMixer: Display: 	Number of Async Source Workers:		  0
[2020.03.27-17.31.14:927][  0]LogAudio: Display: AudioDevice MaxSources: 32
[2020.03.27-17.31.14:933][  0]LogAudio: Display: Using built-in audio occlusion.
[2020.03.27-17.31.14:933][  0]LogAudioMixer: Display: Initializing audio mixer.
[2020.03.27-17.31.15:098][  0]LogAudioMixer: Display: Audio Device Output Speaker Info:
[2020.03.27-17.31.15:098][  0]LogAudioMixer: Display: Name: Speaker/Headphone (Realtek High Definition Audio)
[2020.03.27-17.31.15:098][  0]LogAudioMixer: Display: Is Default: Yes
[2020.03.27-17.31.15:098][  0]LogAudioMixer: Display: Sample Rate: 48000
[2020.03.27-17.31.15:098][  0]LogAudioMixer: Display: Channel Count Used: 2
[2020.03.27-17.31.15:098][  0]LogAudioMixer: Display: Device Channel Count: 2
[2020.03.27-17.31.15:098][  0]LogAudioMixer: Display: Channel Order:
[2020.03.27-17.31.15:098][  0]LogAudioMixer: Display: 0: FrontLeft
[2020.03.27-17.31.15:098][  0]LogAudioMixer: Display: 1: FrontRight
[2020.03.27-17.31.16:080][  0]LogAudioMixer: Display: Using Audio Device Speaker/Headphone (Realtek High Definition Audio)
[2020.03.27-17.31.16:124][  0]LogInit: FAudioDevice initialized.
[2020.03.27-17.31.16:124][  0]LogNetVersion: Set ProjectVersion to 1.0.0.0. Version Checksum will be recalculated on next use.
[2020.03.27-17.31.16:643][  0]LogDerivedDataCache: Saved boot cache 0.52s 79MB C:/Users/gaytr/AppData/Local/UnrealEngine/4.24/DerivedDataCache/Boot.ddc.
[2020.03.27-17.31.16:654][  0]LogInit: Texture streaming: Enabled
[2020.03.27-17.31.16:779][  0]LogEngineSessionManager: EngineSessionManager initialized
[2020.03.27-17.31.16:779][  0]LogEditorSessionSummary: Verbose: Initializing EditorSessionSummaryWriter for editor session tracking
[2020.03.27-17.31.16:816][  0]LogOutputDevice: Warning: 

Script Stack (0 frames):

[2020.03.27-17.31.25:198][  0]LogStats: FPlatformStackWalk::StackWalkAndDump -  8.382 s
[2020.03.27-17.31.25:198][  0]LogOutputDevice: Error: === Handled ensure: ===
[2020.03.27-17.31.25:198][  0]LogOutputDevice: Error: 
[2020.03.27-17.31.25:198][  0]LogOutputDevice: Error: Ensure condition failed: IsLocked() [File:D:/Build/++UE4/Sync/Engine/Source/Developer/EditorAnalyticsSession/Private/EditorAnalyticsSession.cpp] [Line: 279]
[2020.03.27-17.31.25:198][  0]LogOutputDevice: Error: 
[2020.03.27-17.31.25:198][  0]LogOutputDevice: Error: Stack: 
[2020.03.27-17.31.25:198][  0]LogOutputDevice: Error: [Callstack] 0x00007ffcaa52e629 UE4Editor-EditorAnalyticsSession.dll!UnknownFunction []
[2020.03.27-17.31.25:198][  0]LogOutputDevice: Error: [Callstack] 0x00007ffcaa529835 UE4Editor-EditorAnalyticsSession.dll!UnknownFunction []
[2020.03.27-17.31.25:198][  0]LogOutputDevice: Error: [Callstack] 0x00007ffc5f2b8407 UE4Editor-Engine.dll!UnknownFunction []
[2020.03.27-17.31.25:198][  0]LogOutputDevice: Error: [Callstack] 0x00007ffc5fde0f9b UE4Editor-Engine.dll!UnknownFunction []
[2020.03.27-17.31.25:199][  0]LogOutputDevice: Error: [Callstack] 0x00007ffc623d9ccd UE4Editor-UnrealEd.dll!UnknownFunction []
[2020.03.27-17.31.25:199][  0]LogOutputDevice: Error: [Callstack] 0x00007ffc623d91f3 UE4Editor-UnrealEd.dll!UnknownFunction []
[2020.03.27-17.31.25:199][  0]LogOutputDevice: Error: [Callstack] 0x00007ffc62c1f210 UE4Editor-UnrealEd.dll!UnknownFunction []
[2020.03.27-17.31.25:199][  0]LogOutputDevice: Error: [Callstack] 0x00007ff6927d2c2d UE4Editor.exe!UnknownFunction []
[2020.03.27-17.31.25:199][  0]LogOutputDevice: Error: [Callstack] 0x00007ffc62beca07 UE4Editor-UnrealEd.dll!UnknownFunction []
[2020.03.27-17.31.25:199][  0]LogOutputDevice: Error: [Callstack] 0x00007ff6927ec260 UE4Editor.exe!UnknownFunction []
[2020.03.27-17.31.25:199][  0]LogOutputDevice: Error: [Callstack] 0x00007ff6927ec4ca UE4Editor.exe!UnknownFunction []
[2020.03.27-17.31.25:199][  0]LogOutputDevice: Error: [Callstack] 0x00007ff6927fceae UE4Editor.exe!UnknownFunction []
[2020.03.27-17.31.25:199][  0]LogOutputDevice: Error: [Callstack] 0x00007ff6927ffcbe UE4Editor.exe!UnknownFunction []
[2020.03.27-17.31.25:199][  0]LogOutputDevice: Error: [Callstack] 0x00007ffcd3197bd4 KERNEL32.DLL!UnknownFunction []
[2020.03.27-17.31.25:199][  0]LogOutputDevice: Error: [Callstack] 0x00007ffcd4d4ced1 ntdll.dll!UnknownFunction []
[2020.03.27-17.31.25:199][  0]LogOutputDevice: Error: 
[2020.03.27-17.31.25:282][  0]LogStats:                SubmitErrorReport -  0.000 s
[2020.03.27-17.31.50:014][  0]LogStats:                    SendNewReport - 24.732 s
[2020.03.27-17.31.50:014][  0]LogStats:             FDebug::EnsureFailed - 33.197 s
[2020.03.27-17.31.50:177][  0]LogInit: Transaction tracking system initialized
[2020.03.27-17.31.50:203][  0]BlueprintLog: New page: Editor Load
[2020.03.27-17.31.50:280][  0]LocalizationService: Localization service is disabled
[2020.03.27-17.31.50:412][  0]LogVSAccessor: Display: Unable to create Visual Studio setup instance: 80040154
[2020.03.27-17.31.50:414][  0]LogVSAccessor: Display: Unable to create Visual Studio setup instance: 80040154
[2020.03.27-17.31.51:248][  0]LogFileCache: Scanning file cache for directory 'C:/Users/gaytr/OneDrive/Documents/GitHub/Gaming2Mario2019/Gaming2Mario2019/Content/' took 0.01s
[2020.03.27-17.31.51:248][  0]LogCook: Display: Max memory allowance for cook 16384mb min free memory 0mb
[2020.03.27-17.31.51:248][  0]LogCook: Display: Mobile HDR setting 1
[2020.03.27-17.31.53:011][  0]SourceControl: Source control is disabled
[2020.03.27-17.31.53:011][  0]Cmd: MAP LOAD FILE="../../../Engine/Content/Maps/Templates/Template_Default.umap" TEMPLATE=1 SHOWPROGRESS=1 FEATURELEVEL=3
[2020.03.27-17.31.53:012][  0]LightingResults: New page: Lighting Build
[2020.03.27-17.31.53:040][  0]LogWorld: UWorld::CleanupWorld for Untitled, bSessionEnded=true, bCleanupResources=true
[2020.03.27-17.31.53:040][  0]LogSlate: InvalidateAllWidgets triggered.  All widgets were invalidated
[2020.03.27-17.31.53:040][  0]MapCheck: New page: Map Check
[2020.03.27-17.31.53:041][  0]LightingResults: New page: Lighting Build
[2020.03.27-17.31.53:130][  0]LogUObjectHash: Compacting FUObjectHashTables data took   4.80ms
[2020.03.27-17.31.53:361][  0]LogAIModule: Creating AISystem for world Untitled_1
[2020.03.27-17.31.53:372][  0]LogEditorServer: Finished looking for orphan Actors (0.000 secs)
[2020.03.27-17.31.53:451][  0]LogUObjectHash: Compacting FUObjectHashTables data took   5.06ms
[2020.03.27-17.31.53:451][  0]Cmd: MAP CHECKDEP NOCLEARLOG
[2020.03.27-17.31.53:452][  0]MapCheck: Map check complete: 0 Error(s), 0 Warning(s), took 0.463ms to complete.
[2020.03.27-17.31.53:452][  0]LogFileHelpers: Loading map 'Template_Default' took 0.441
[2020.03.27-17.31.53:537][  0]LogWindowsTextInputMethodSystem: Display: IME system now deactivated.
[2020.03.27-17.31.53:629][  0]LogSlate: Updating window title bar state: overlay mode, drag disabled, window buttons hidden, title bar hidden
[2020.03.27-17.31.53:645][  0]LogSlate: Updating window title bar state: overlay mode, drag disabled, window buttons hidden, title bar hidden
[2020.03.27-17.31.53:661][  0]LogSlate: Updating window title bar state: overlay mode, drag disabled, window buttons hidden, title bar hidden
[2020.03.27-17.31.53:682][  0]LogSlate: Updating window title bar state: overlay mode, drag disabled, window buttons hidden, title bar hidden
[2020.03.27-17.31.53:693][  0]LogCollectionManager: Loaded 0 collections in 0.004709 seconds
[2020.03.27-17.31.53:720][  0]LogFileCache: Scanning file cache for directory 'C:/Users/gaytr/OneDrive/Documents/GitHub/Gaming2Mario2019/Gaming2Mario2019/Saved/Collections/' took 0.00s
[2020.03.27-17.31.53:720][  0]LogFileCache: Scanning file cache for directory 'C:/Users/gaytr/OneDrive/Documents/GitHub/Gaming2Mario2019/Gaming2Mario2019/Content/Developers/gaytr/Collections/' took 0.00s
[2020.03.27-17.31.53:720][  0]LogFileCache: Scanning file cache for directory 'C:/Users/gaytr/OneDrive/Documents/GitHub/Gaming2Mario2019/Gaming2Mario2019/Content/Collections/' took 0.00s
[2020.03.27-17.31.53:720][  0]LogContentBrowser: Native class hierarchy populated in 0.0175 seconds. Added 3015 classes and 717 folders.
[2020.03.27-17.31.53:726][  0]LogContentBrowser: Native class hierarchy updated for 'WidgetCarousel' in 0.0005 seconds. Added 0 classes and 0 folders.
[2020.03.27-17.31.53:864][  0]LogContentBrowser: Native class hierarchy updated for 'AddContentDialog' in 0.0006 seconds. Added 0 classes and 0 folders.
[2020.03.27-17.31.53:871][  0]LogContentBrowser: Native class hierarchy updated for 'SceneOutliner' in 0.0005 seconds. Added 2 classes and 3 folders.
[2020.03.27-17.31.54:496][  0]LogSlate: Took 0.078950 seconds to synchronously load lazily loaded font '../../../Engine/Content/Slate/Fonts/Roboto-Regular.ttf' (155K)
[2020.03.27-17.31.54:786][  0]LogSlate: Took 0.169793 seconds to synchronously load lazily loaded font '../../../Engine/Content/Slate/Fonts/Roboto-Bold.ttf' (160K)
[2020.03.27-17.31.55:063][  0]LogSlate: Took 0.125846 seconds to synchronously load lazily loaded font '../../../Engine/Content/Editor/Slate/Fonts/FontAwesome.ttf' (139K)
[2020.03.27-17.31.56:426][  0]LogRenderer: Reallocating scene render targets to support 856x372 Format 10 NumSamples 1 (Frame:1).
[2020.03.27-17.31.59:607][  0]LogSlate: Window 'Tutorials' being destroyed
[2020.03.27-17.32.00:001][  0]LogContentBrowser: Native class hierarchy updated for 'HierarchicalLODOutliner' in 0.0006 seconds. Added 0 classes and 0 folders.
[2020.03.27-17.32.00:001][  0]LogLoad: (Engine Initialization) Total time: 207.91 seconds
[2020.03.27-17.32.00:001][  0]LogLoad: (Engine Initialization) Total Blueprint compile time: 0.00 seconds
[2020.03.27-17.32.00:459][  0]LogContentStreaming: Texture pool size now 1000 MB
[2020.03.27-17.32.01:012][  2]LogAssetRegistry: Asset discovery search completed in 134.1648 seconds
[2020.03.27-17.32.01:028][  2]LogCollectionManager: Fixed up redirectors for 0 collections in 0.000031 seconds (updated 0 objects)
[2020.03.27-17.32.30:142][523]LogEditorViewport: Clicking on Actor (LMB): BP_Sky_Sphere_C (Sky Sphere)
[2020.03.27-17.33.00:061][164]LogEditorSessionSummary: Verbose: Initializing EditorSessionSummaryWriter for editor session tracking
[2020.03.27-17.33.00:064][164]LogEditorSessionSummary: EditorSessionSummaryWriter initialized
[2020.03.27-17.36.10:592][600]LogSlate: Window 'Save Level As' being destroyed
[2020.03.27-17.37.24:534][290]LogSlate: Window 'Save Level As' being destroyed
[2020.03.27-17.37.27:888][459]LogUObjectHash: Compacting FUObjectHashTables data took   3.29ms
[2020.03.27-23.14.16:444][725]LogHttp: Warning: 000001DBAD3CF240: invalid HTTP response code received. URL: https://datarouter.ol.epicgames.com/datarouter/api/v1/public/data?SessionID=%7B55A298B2-430A-4BDA-4AB6-03A495045053%7D&AppID=UEEditor.Rocket.Release&AppVersion=4.24.3-11590370%2B%2B%2BUE4%2BRelease-4.24&UserID=04605e144ceb1d6cae0858b357d15659%7Ce343ba5d775a4584ae5e17e3c784fdd9%7Cbb1b9755-2364-4638-8098-bb3c1189c034&AppEnvironment=datacollector-binary&UploadType=eteventstream, HTTP code: 0, content length: 0, actual payload size: 0
[2020.03.27-23.14.16:444][725]LogHttp: Warning: 000001DBAD3CF240: request failed, libcurl error: 6 (Couldn't resolve host name)
[2020.03.27-23.14.16:444][725]LogHttp: Warning: 000001DBAD3CF240: libcurl info message cache 0 (Connection 86 seems to be dead!)
[2020.03.27-23.14.16:444][725]LogHttp: Warning: 000001DBAD3CF240: libcurl info message cache 1 (Closing connection 86)
[2020.03.27-23.14.16:444][725]LogHttp: Warning: 000001DBAD3CF240: libcurl info message cache 2 (TLSv1.2 (OUT), TLS alert, Client hello (1):)
[2020.03.27-23.14.16:444][725]LogHttp: Warning: 000001DBAD3CF240: libcurl info message cache 3 (Could not resolve host: datarouter.ol.epicgames.com)
[2020.03.27-23.14.16:444][725]LogHttp: Warning: 000001DBAD3CF240: libcurl info message cache 4 (Closing connection 87)
[2020.03.27-23.14.16:779][726]LogHttp: Warning: Retry exhausted on https://datarouter.ol.epicgames.com/datarouter/api/v1/public/data?SessionID=%7B55A298B2-430A-4BDA-4AB6-03A495045053%7D&AppID=UEEditor.Rocket.Release&AppVersion=4.24.3-11590370%2B%2B%2BUE4%2BRelease-4.24&UserID=04605e144ceb1d6cae0858b357d15659%7Ce343ba5d775a4584ae5e17e3c784fdd9%7Cbb1b9755-2364-4638-8098-bb3c1189c034&AppEnvironment=datacollector-binary&UploadType=eteventstream
